[ 25%] [32mBuilding CXX object CMakeFiles/squirtle_controller.dir/src/squirtle_controller.cpp.o[0m
[ 75%] Built target turtlesim_bridge
[01m[K/home/ben-may/ROS_Workspaces/ros2_ws_finalproject/src/squirtlebot_nodes/src/squirtle_controller.cpp:5:10:[m[K [01;31m[Kfatal error: [m[Krclcpp_action/rclcpp_action.hpp: No such file or directory
    5 | #include [01;31m[K"rclcpp_action/rclcpp_action.hpp"[m[K
      |          [01;31m[K^~~~~~~~~~~~~~~~~~~~~~~~~~~~~~~~~[m[K
compilation terminated.
gmake[2]: *** [CMakeFiles/squirtle_controller.dir/build.make:76: CMakeFiles/squirtle_controller.dir/src/squirtle_controller.cpp.o] Error 1
gmake[1]: *** [CMakeFiles/Makefile2:165: CMakeFiles/squirtle_controller.dir/all] Error 2
gmake: *** [Makefile:146: all] Error 2
