-- Found ament_cmake: 2.5.4 (/opt/ros/jazzy/share/ament_cmake/cmake)
-- Override CMake install command with custom implementation using symlinks instead of copying resources
-- Found rclcpp: 28.1.9 (/opt/ros/jazzy/share/rclcpp/cmake)
-- Found rosidl_generator_c: 4.6.5 (/opt/ros/jazzy/share/rosidl_generator_c/cmake)
-- Found rosidl_generator_cpp: 4.6.5 (/opt/ros/jazzy/share/rosidl_generator_cpp/cmake)
-- Using all available rosidl_typesupport_c: rosidl_typesupport_fastrtps_c;rosidl_typesupport_introspection_c
-- Using all available rosidl_typesupport_cpp: rosidl_typesupport_fastrtps_cpp;rosidl_typesupport_introspection_cpp
-- Found rmw_implementation_cmake: 7.3.2 (/opt/ros/jazzy/share/rmw_implementation_cmake/cmake)
-- Found rmw_fastrtps_cpp: 8.4.2 (/opt/ros/jazzy/share/rmw_fastrtps_cpp/cmake)
-- Using RMW implementation 'rmw_fastrtps_cpp' as default
-- Found turtlesim: 1.8.3 (/opt/ros/jazzy/share/turtlesim/cmake)
-- Found squirtlebot_interfaces: 0.0.0 (/home/ben-may/ROS_Workspaces/ros2_ws_finalproject/install/squirtlebot_interfaces/share/squirtlebot_interfaces/cmake)
-- Configuring done (0.5s)
-- Generating done (0.0s)
-- Build files have been written to: /home/ben-may/ROS_Workspaces/ros2_ws_finalproject/build/squirtlebot_nodes
[ 25%] [32mBuilding CXX object CMakeFiles/turtlesim_bridge.dir/src/turtlesim_bridge.cpp.o[0m
[ 50%] [32mBuilding CXX object CMakeFiles/squirtle_controller.dir/src/squirtle_controller.cpp.o[0m
[01m[K/home/ben-may/ROS_Workspaces/ros2_ws_finalproject/src/squirtlebot_nodes/src/squirtle_controller.cpp:4:10:[m[K [01;31m[Kfatal error: [m[Krclcpp_lifecycle/lifecycle_node.hpp: No such file or directory
    4 | #include [01;31m[K"rclcpp_lifecycle/lifecycle_node.hpp"[m[K
      |          [01;31m[K^~~~~~~~~~~~~~~~~~~~~~~~~~~~~~~~~~~~~[m[K
compilation terminated.
gmake[2]: *** [CMakeFiles/squirtle_controller.dir/build.make:76: CMakeFiles/squirtle_controller.dir/src/squirtle_controller.cpp.o] Error 1
gmake[1]: *** [CMakeFiles/Makefile2:165: CMakeFiles/squirtle_controller.dir/all] Error 2
gmake[1]: *** Waiting for unfinished jobs....
[01m[K/home/ben-may/ROS_Workspaces/ros2_ws_finalproject/src/squirtlebot_nodes/src/turtlesim_bridge.cpp:[m[K In member function â€˜[01m[Kvoid TurtlesimBridgeNode::[01;32m[Kcallback_squirtle_controller_subscriber_[m[K(squirtlebot_interfaces::msg::KillSpawnSquirtle_<std::allocator<void> >::SharedPtr)[m[Kâ€™:
[01m[K/home/ben-may/ROS_Workspaces/ros2_ws_finalproject/src/squirtlebot_nodes/src/turtlesim_bridge.cpp:84:115:[m[K [01;35m[Kwarning: [m[Kunused parameter â€˜[01m[Kmsg[m[Kâ€™ [[01;35m[K]8;;https://gcc.gnu.org/onlinedocs/gcc/Warning-Options.html#index-Wunused-parameter-Wunused-parameter]8;;[m[K]
   84 | ller_subscriber_([01;35m[Kconst squirtlebot_interfaces::msg::KillSpawnSquirtle::SharedPtr msg[m[K)
      |                  [01;35m[K~~~~~~~~~~~~~~~~~~~~~~~~~~~~~~~~~~~~~~~~~~~~~~~~~~~~~~~~~~~~~~~~^~~[m[K

[ 75%] [32m[1mLinking CXX executable turtlesim_bridge[0m
[ 75%] Built target turtlesim_bridge
gmake: *** [Makefile:146: all] Error 2
